Using pre-set license
Built from '2021.3/staging' branch; Version is '2021.3.0f1 (6eacc8284459) revision 7253192'; Using compiler version '192829333'; Build Type 'Release'
OS: 'Windows 10  (10.0.19043) 64bit Core' Language: 'en' Physical Memory: 16222 MB
BatchMode: 1, IsHumanControllingUs: 0, StartBugReporterOnCrash: 0, Is64bit: 1, IsPro: 1

COMMAND LINE ARGUMENTS:
C:\Program Files\Unity\Hub\Editor\2021.3.0f1\Editor\Unity.exe
-adb2
-batchMode
-noUpm
-name
AssetImportWorker7
-projectPath
C:/Users/rasen/OneDrive/Desktop/Unity Projects/Developing-A-Game
-logFile
Logs/AssetImportWorker7.log
-srvPort
62042
Successfully changed project path to: C:/Users/rasen/OneDrive/Desktop/Unity Projects/Developing-A-Game
C:/Users/rasen/OneDrive/Desktop/Unity Projects/Developing-A-Game
[UnityMemory] Configuration Parameters - Can be set up in boot.config
    "memorysetup-bucket-allocator-granularity=16"
    "memorysetup-bucket-allocator-bucket-count=8"
    "memorysetup-bucket-allocator-block-size=33554432"
    "memorysetup-bucket-allocator-block-count=8"
    "memorysetup-main-allocator-block-size=16777216"
    "memorysetup-thread-allocator-block-size=16777216"
    "memorysetup-gfx-main-allocator-block-size=16777216"
    "memorysetup-gfx-thread-allocator-block-size=16777216"
    "memorysetup-cache-allocator-block-size=4194304"
    "memorysetup-typetree-allocator-block-size=2097152"
    "memorysetup-profiler-bucket-allocator-granularity=16"
    "memorysetup-profiler-bucket-allocator-bucket-count=8"
    "memorysetup-profiler-bucket-allocator-block-size=33554432"
    "memorysetup-profiler-bucket-allocator-block-count=8"
    "memorysetup-profiler-allocator-block-size=16777216"
    "memorysetup-profiler-editor-allocator-block-size=1048576"
    "memorysetup-temp-allocator-size-main=16777216"
    "memorysetup-job-temp-allocator-block-size=2097152"
    "memorysetup-job-temp-allocator-block-size-background=1048576"
    "memorysetup-job-temp-allocator-reduction-small-platforms=262144"
    "memorysetup-temp-allocator-size-background-worker=32768"
    "memorysetup-temp-allocator-size-job-worker=262144"
    "memorysetup-temp-allocator-size-preload-manager=33554432"
    "memorysetup-temp-allocator-size-nav-mesh-worker=65536"
    "memorysetup-temp-allocator-size-audio-worker=65536"
    "memorysetup-temp-allocator-size-cloud-worker=32768"
    "memorysetup-temp-allocator-size-gi-baking-worker=262144"
    "memorysetup-temp-allocator-size-gfx=262144"
Refreshing native plugins compatible for Editor in 129.43 ms, found 8 plugins.
Preloading 0 native plugins for Editor in 0.00 ms.
Initialize engine version: 2021.3.0f1 (6eacc8284459)
[Subsystems] Discovering subsystems at path C:/Program Files/Unity/Hub/Editor/2021.3.0f1/Editor/Data/Resources/UnitySubsystems
[Subsystems] Discovering subsystems at path C:/Users/rasen/OneDrive/Desktop/Unity Projects/Developing-A-Game/Assets
GfxDevice: creating device client; threaded=0; jobified=0
Direct3D:
    Version:  Direct3D 11.0 [level 11.1]
    Renderer: NVIDIA GeForce RTX 2070 Super with Max-Q Design (ID=0x1e91)
    Vendor:   NVIDIA
    VRAM:     8012 MB
    Driver:   30.0.15.1295
Initialize mono
Mono path[0] = 'C:/Program Files/Unity/Hub/Editor/2021.3.0f1/Editor/Data/Managed'
Mono path[1] = 'C:/Program Files/Unity/Hub/Editor/2021.3.0f1/Editor/Data/MonoBleedingEdge/lib/mono/unityjit-win32'
Mono config path = 'C:/Program Files/Unity/Hub/Editor/2021.3.0f1/Editor/Data/MonoBleedingEdge/etc'
Using monoOptions --debugger-agent=transport=dt_socket,embedding=1,server=y,suspend=n,address=127.0.0.1:56388
Begin MonoManager ReloadAssembly
Registering precompiled unity dll's ...
Register platform support module: C:/Program Files/Unity/Hub/Editor/2021.3.0f1/Editor/Data/PlaybackEngines/WebGLSupport/UnityEditor.WebGL.Extensions.dll
Register platform support module: C:/Program Files/Unity/Hub/Editor/2021.3.0f1/Editor/Data/PlaybackEngines/AndroidPlayer/UnityEditor.Android.Extensions.dll
Register platform support module: C:/Program Files/Unity/Hub/Editor/2021.3.0f1/Editor/Data/PlaybackEngines/iOSSupport/UnityEditor.iOS.Extensions.dll
Register platform support module: C:/Program Files/Unity/Hub/Editor/2021.3.0f1/Editor/Data/PlaybackEngines/WindowsStandaloneSupport/UnityEditor.WindowsStandalone.Extensions.dll
Registered in 0.010690 seconds.
Native extension for WindowsStandalone target not found
[usbmuxd] Start listen thread
[usbmuxd] Listen thread started
Native extension for iOS target not found
Native extension for Android target not found
MissingMethodException: Method not found: void UnityEditor.PlayerSettings.RegisterPlatformIconProvider(UnityEditor.BuildTargetGroup,UnityEditor.IPlatformIconProvider)
  at UnityEditor.Modules.ModuleManager.InitializePlatformSupportModules () [0x0009d] in <780782bc035845f9909cebbd4c983ae3>:0 

Refreshing native plugins compatible for Editor in 126.31 ms, found 8 plugins.
Preloading 0 native plugins for Editor in 0.00 ms.
Mono: successfully reloaded assembly
- Completed reload, in  0.805 seconds
Domain Reload Profiling:
	ReloadAssembly (806ms)
		BeginReloadAssembly (70ms)
			ExecutionOrderSort (0ms)
			DisableScriptedObjects (0ms)
			BackupInstance (0ms)
			ReleaseScriptingObjects (0ms)
			CreateAndSetChildDomain (1ms)
		EndReloadAssembly (606ms)
			LoadAssemblies (68ms)
			RebuildTransferFunctionScriptingTraits (0ms)
			SetupTypeCache (137ms)
			ReleaseScriptCaches (0ms)
			RebuildScriptCaches (33ms)
			SetupLoadedEditorAssemblies (372ms)
				LogAssemblyErrors (0ms)
				InitializePlatformSupportModulesInManaged (44ms)
				SetLoadedEditorAssemblies (0ms)
				RefreshPlugins (126ms)
				BeforeProcessingInitializeOnLoad (2ms)
				ProcessInitializeOnLoadAttributes (139ms)
				ProcessInitializeOnLoadMethodAttributes (59ms)
				AfterProcessingInitializeOnLoad (0ms)
				EditorAssembliesLoaded (0ms)
			ExecutionOrderSort2 (0ms)
			AwakeInstancesAfterBackupRestoration (0ms)
Native extension for WindowsStandalone target not found
Native extension for iOS target not found
Native extension for Android target not found
MissingMethodException: Method not found: void UnityEditor.PlayerSettings.RegisterPlatformIconProvider(UnityEditor.BuildTargetGroup,UnityEditor.IPlatformIconProvider)
  at UnityEditor.Modules.ModuleManager.InitializePlatformSupportModules () [0x0009d] in <780782bc035845f9909cebbd4c983ae3>:0 

Registering precompiled user dll's ...
Registered in 0.013785 seconds.
Begin MonoManager ReloadAssembly
Native extension for WindowsStandalone target not found
Native extension for iOS target not found
Native extension for Android target not found
MissingMethodException: Method not found: void UnityEditor.PlayerSettings.RegisterPlatformIconProvider(UnityEditor.BuildTargetGroup,UnityEditor.IPlatformIconProvider)
  at UnityEditor.Modules.ModuleManager.InitializePlatformSupportModules () [0x0009d] in <780782bc035845f9909cebbd4c983ae3>:0 

Refreshing native plugins compatible for Editor in 104.99 ms, found 8 plugins.
Preloading 0 native plugins for Editor in 0.00 ms.
GameView is null!
UnityEngine.StackTraceUtility:ExtractStackTrace ()
UnityEngine.DebugLogHandler:LogFormat (UnityEngine.LogType,UnityEngine.Object,string,object[])
UnityEngine.Logger:Log (UnityEngine.LogType,object)
UnityEngine.Debug:LogError (object)
GameManager/FixResolutionScale:SetGameViewScale () (at Assets/Scripts/GameManager.cs:49)
GameManager/FixResolutionScale:.cctor () (at Assets/Scripts/GameManager.cs:34)
System.Runtime.CompilerServices.RuntimeHelpers:RunClassConstructor (System.RuntimeTypeHandle)
UnityEditor.EditorAssemblies:ProcessInitializeOnLoadAttributes (System.Type[])

(Filename: Assets/Scripts/GameManager.cs Line: 49)

Loading user settings - Package Manager log level set to [3]
[Package Manager] Request::StartRequest -- [GET] [http://127.0.0.1:0/project/dependencies] (Id: 0000023C568A70B0)

Mono: successfully reloaded assembly
- Completed reload, in  1.557 seconds
Domain Reload Profiling:
	ReloadAssembly (1558ms)
		BeginReloadAssembly (116ms)
			ExecutionOrderSort (0ms)
			DisableScriptedObjects (6ms)
			BackupInstance (0ms)
			ReleaseScriptingObjects (0ms)
			CreateAndSetChildDomain (19ms)
		EndReloadAssembly (1338ms)
			LoadAssemblies (104ms)
			RebuildTransferFunctionScriptingTraits (0ms)
			SetupTypeCache (263ms)
			ReleaseScriptCaches (1ms)
			RebuildScriptCaches (79ms)
			SetupLoadedEditorAssemblies (856ms)
				LogAssemblyErrors (0ms)
				InitializePlatformSupportModulesInManaged (33ms)
				SetLoadedEditorAssemblies (0ms)
				RefreshPlugins (105ms)
				BeforeProcessingInitializeOnLoad (145ms)
				ProcessInitializeOnLoadAttributes (399ms)
				ProcessInitializeOnLoadMethodAttributes (166ms)
				AfterProcessingInitializeOnLoad (8ms)
				EditorAssembliesLoaded (0ms)
			ExecutionOrderSort2 (0ms)
			AwakeInstancesAfterBackupRestoration (4ms)
Native extension for WindowsStandalone target not found
Native extension for iOS target not found
Native extension for Android target not found
MissingMethodException: Method not found: void UnityEditor.PlayerSettings.RegisterPlatformIconProvider(UnityEditor.BuildTargetGroup,UnityEditor.IPlatformIconProvider)
  at UnityEditor.Modules.ModuleManager.InitializePlatformSupportModules () [0x0009d] in <780782bc035845f9909cebbd4c983ae3>:0 

========================================================================
Worker process is ready to serve import requests
Launched and connected shader compiler UnityShaderCompiler.exe after 0.03 seconds
Refreshing native plugins compatible for Editor in 1.14 ms, found 8 plugins.
Preloading 0 native plugins for Editor in 0.00 ms.
Unloading 5651 Unused Serialized files (Serialized files now loaded: 0)
Unloading 99 unused Assets / (1.9 MB). Loaded Objects now: 6148.
Memory consumption went from 265.9 MB to 264.0 MB.
Total: 6.607400 ms (FindLiveObjects: 0.415900 ms CreateObjectMapping: 0.409100 ms MarkObjects: 5.222200 ms  DeleteObjects: 0.559500 ms)

AssetImportParameters requested are different than current active one (requested -> active):
  custom:video-decoder-ogg-theora: a1e56fd34408186e4bbccfd4996cb3dc -> 
  custom:container-muxer-webm: aa71ff27fc2769a1b78a27578f13a17b -> 
  custom:container-demuxer-webm: 4f35f7cbe854078d1ac9338744f61a02 -> 
  custom:video-encoder-webm-vp8: eb34c28f22e8b96e1ab97ce403110664 -> 
  custom:video-codec-MediaFoundation-h265: 746d11721c4dcdbdad8f713fa42b33f4 -> 
  custom:audio-encoder-webm-vorbis: bf7c407c2cedff20999df2af8eb42d56 -> 
  custom:framework-win-MediaFoundation: 216162199b28c13a410421893ffa2e32 -> 
  custom:container-demuxer-ogg: 62fdf1f143b41e24485cea50d1cbac27 -> 
  custom:video-decoder-webm-vp8: 9c59270c3fd7afecdb556c50c9e8de78 -> 
  custom:audio-decoder-ogg-vorbis: bf7c407c2cedff20999df2af8eb42d56 -> 
========================================================================
Received Prepare
Registering precompiled user dll's ...
Registered in 0.014658 seconds.
Begin MonoManager ReloadAssembly
Native extension for WindowsStandalone target not found
Native extension for iOS target not found
Native extension for Android target not found
MissingMethodException: Method not found: void UnityEditor.PlayerSettings.RegisterPlatformIconProvider(UnityEditor.BuildTargetGroup,UnityEditor.IPlatformIconProvider)
  at UnityEditor.Modules.ModuleManager.InitializePlatformSupportModules () [0x0009d] in <780782bc035845f9909cebbd4c983ae3>:0 

Refreshing native plugins compatible for Editor in 1.99 ms, found 8 plugins.
Preloading 0 native plugins for Editor in 0.00 ms.
GameView is null!
UnityEngine.StackTraceUtility:ExtractStackTrace ()
UnityEngine.DebugLogHandler:LogFormat (UnityEngine.LogType,UnityEngine.Object,string,object[])
UnityEngine.Logger:Log (UnityEngine.LogType,object)
UnityEngine.Debug:LogError (object)
GameManager/FixResolutionScale:SetGameViewScale () (at Assets/Scripts/GameManager.cs:49)
GameManager/FixResolutionScale:.cctor () (at Assets/Scripts/GameManager.cs:34)
System.Runtime.CompilerServices.RuntimeHelpers:RunClassConstructor (System.RuntimeTypeHandle)
UnityEditor.EditorAssemblies:ProcessInitializeOnLoadAttributes (System.Type[])

(Filename: Assets/Scripts/GameManager.cs Line: 49)

[Package Manager] Request::StartRequest -- [GET] [http://127.0.0.1:0/project/dependencies] (Id: 0000023C53DFBC00)

Mono: successfully reloaded assembly
- Completed reload, in  1.652 seconds
Domain Reload Profiling:
	ReloadAssembly (1653ms)
		BeginReloadAssembly (154ms)
			ExecutionOrderSort (0ms)
			DisableScriptedObjects (9ms)
			BackupInstance (0ms)
			ReleaseScriptingObjects (0ms)
			CreateAndSetChildDomain (47ms)
		EndReloadAssembly (1376ms)
			LoadAssemblies (101ms)
			RebuildTransferFunctionScriptingTraits (0ms)
			SetupTypeCache (363ms)
			ReleaseScriptCaches (2ms)
			RebuildScriptCaches (71ms)
			SetupLoadedEditorAssemblies (772ms)
				LogAssemblyErrors (0ms)
				InitializePlatformSupportModulesInManaged (43ms)
				SetLoadedEditorAssemblies (1ms)
				RefreshPlugins (2ms)
				BeforeProcessingInitializeOnLoad (132ms)
				ProcessInitializeOnLoadAttributes (386ms)
				ProcessInitializeOnLoadMethodAttributes (197ms)
				AfterProcessingInitializeOnLoad (10ms)
				EditorAssembliesLoaded (0ms)
			ExecutionOrderSort2 (0ms)
			AwakeInstancesAfterBackupRestoration (8ms)
Native extension for WindowsStandalone target not found
Native extension for iOS target not found
Native extension for Android target not found
MissingMethodException: Method not found: void UnityEditor.PlayerSettings.RegisterPlatformIconProvider(UnityEditor.BuildTargetGroup,UnityEditor.IPlatformIconProvider)
  at UnityEditor.Modules.ModuleManager.InitializePlatformSupportModules () [0x0009d] in <780782bc035845f9909cebbd4c983ae3>:0 

Refreshing native plugins compatible for Editor in 6.43 ms, found 8 plugins.
Preloading 0 native plugins for Editor in 0.00 ms.
Unloading 5452 Unused Serialized files (Serialized files now loaded: 0)
Unloading 73 unused Assets / (1.9 MB). Loaded Objects now: 6163.
Memory consumption went from 259.7 MB to 257.8 MB.
Total: 7.538300 ms (FindLiveObjects: 0.444500 ms CreateObjectMapping: 0.406900 ms MarkObjects: 6.210800 ms  DeleteObjects: 0.474900 ms)

AssetImportParameters requested are different than current active one (requested -> active):
  custom:video-decoder-ogg-theora: a1e56fd34408186e4bbccfd4996cb3dc -> 
  custom:container-muxer-webm: aa71ff27fc2769a1b78a27578f13a17b -> 
  custom:container-demuxer-webm: 4f35f7cbe854078d1ac9338744f61a02 -> 
  custom:video-encoder-webm-vp8: eb34c28f22e8b96e1ab97ce403110664 -> 
  custom:video-codec-MediaFoundation-h265: 746d11721c4dcdbdad8f713fa42b33f4 -> 
  custom:audio-encoder-webm-vorbis: bf7c407c2cedff20999df2af8eb42d56 -> 
  custom:framework-win-MediaFoundation: 216162199b28c13a410421893ffa2e32 -> 
  custom:container-demuxer-ogg: 62fdf1f143b41e24485cea50d1cbac27 -> 
  custom:video-decoder-webm-vp8: 9c59270c3fd7afecdb556c50c9e8de78 -> 
  custom:audio-decoder-ogg-vorbis: bf7c407c2cedff20999df2af8eb42d56 -> 
========================================================================
Received Import Request.
  Time since last request: 12617.556979 seconds.
  path: Assets/Plugins/Kenney/PNG/arrowBeige_right.png
  artifactKey: Guid(bd11d779a85869648a994ab8f70eb02b) Importer(815301076,1909f56bfc062723c751e8b465ee728b)
Start importing Assets/Plugins/Kenney/PNG/arrowBeige_right.png using Guid(bd11d779a85869648a994ab8f70eb02b) Importer(815301076,1909f56bfc062723c751e8b465ee728b)  -> (artifact id: 'b029e4f4b9a3b05aa28fc85f0af8927c') in 0.155683 seconds 
========================================================================
Received Import Request.
  Time since last request: 0.000018 seconds.
  path: Assets/Plugins/Kenney/PNG/arrowBlue_left.png
  artifactKey: Guid(3df21cb71e9dbba448454593c4734f9a) Importer(815301076,1909f56bfc062723c751e8b465ee728b)
Start importing Assets/Plugins/Kenney/PNG/arrowBlue_left.png using Guid(3df21cb71e9dbba448454593c4734f9a) Importer(815301076,1909f56bfc062723c751e8b465ee728b)  -> (artifact id: '07b8c0d4db0d30646c0e8e8f9dc92012') in 0.019252 seconds 
========================================================================
Received Import Request.
  Time since last request: 0.000030 seconds.
  path: Assets/Plugins/Kenney/PNG/arrowBrown_left.png
  artifactKey: Guid(a3cf72737a17ffd4787b72d4658366bb) Importer(815301076,1909f56bfc062723c751e8b465ee728b)
Start importing Assets/Plugins/Kenney/PNG/arrowBrown_left.png using Guid(a3cf72737a17ffd4787b72d4658366bb) Importer(815301076,1909f56bfc062723c751e8b465ee728b)  -> (artifact id: 'cb52a72c6f0d72aa71fd3f78d5376147') in 0.019962 seconds 
========================================================================
Received Import Request.
  Time since last request: 0.000019 seconds.
  path: Assets/Tilemap/Plains_Asset_Pack/Foreground/back_rock_a.png
  artifactKey: Guid(4cae7cde1aef1394ebb15190599af2b9) Importer(815301076,1909f56bfc062723c751e8b465ee728b)
Start importing Assets/Tilemap/Plains_Asset_Pack/Foreground/back_rock_a.png using Guid(4cae7cde1aef1394ebb15190599af2b9) Importer(815301076,1909f56bfc062723c751e8b465ee728b)  -> (artifact id: '12c12a4fc60b20352277283a3d582ee4') in 0.019614 seconds 
========================================================================
Received Import Request.
  Time since last request: 0.000020 seconds.
  path: Assets/Tilemap/Plains_Asset_Pack/Tiles/back_tiles_0.asset
  artifactKey: Guid(208948b1821b6b442ac77a8b2c450681) Importer(815301076,1909f56bfc062723c751e8b465ee728b)
Start importing Assets/Tilemap/Plains_Asset_Pack/Tiles/back_tiles_0.asset using Guid(208948b1821b6b442ac77a8b2c450681) Importer(815301076,1909f56bfc062723c751e8b465ee728b)  -> (artifact id: '50b743b20bb40f44b1045f464308538e') in 0.025212 seconds 
========================================================================
Received Import Request.
  Time since last request: 0.000017 seconds.
  path: Assets/Plugins/Kenney/PNG/arrowBlue_right.png
  artifactKey: Guid(9e24be9e493bc194f91502611fbad60b) Importer(815301076,1909f56bfc062723c751e8b465ee728b)
Start importing Assets/Plugins/Kenney/PNG/arrowBlue_right.png using Guid(9e24be9e493bc194f91502611fbad60b) Importer(815301076,1909f56bfc062723c751e8b465ee728b)  -> (artifact id: 'f8fd6b781da2382af66f4f80d396c1e2') in 0.021655 seconds 
========================================================================
Received Import Request.
  Time since last request: 0.000019 seconds.
  path: Assets/Tilemap/Plains_Asset_Pack/Foreground/back_rock_b.png
  artifactKey: Guid(ff7bdb95a4eb9b74b96d4048833bef44) Importer(815301076,1909f56bfc062723c751e8b465ee728b)
Start importing Assets/Tilemap/Plains_Asset_Pack/Foreground/back_rock_b.png using Guid(ff7bdb95a4eb9b74b96d4048833bef44) Importer(815301076,1909f56bfc062723c751e8b465ee728b)  -> (artifact id: 'eecd3826d1b889acd89ee2b60b4e0e9e') in 0.021772 seconds 
========================================================================
Received Import Request.
  Time since last request: 0.000022 seconds.
  path: Assets/Plugins/Kenney/PNG/arrowBrown_right.png
  artifactKey: Guid(bc169efdd13960446ab142130500ce3a) Importer(815301076,1909f56bfc062723c751e8b465ee728b)
Start importing Assets/Plugins/Kenney/PNG/arrowBrown_right.png using Guid(bc169efdd13960446ab142130500ce3a) Importer(815301076,1909f56bfc062723c751e8b465ee728b)  -> (artifact id: 'f6e7cf7c348367c30a21157e824ccd2c') in 0.020995 seconds 
========================================================================
Received Import Request.
  Time since last request: 0.000027 seconds.
  path: Assets/Tilemap/Plains_Asset_Pack/Tiles/back_tiles_1.asset
  artifactKey: Guid(8d124455e6b21bb409bbdbde942db4dc) Importer(815301076,1909f56bfc062723c751e8b465ee728b)
Start importing Assets/Tilemap/Plains_Asset_Pack/Tiles/back_tiles_1.asset using Guid(8d124455e6b21bb409bbdbde942db4dc) Importer(815301076,1909f56bfc062723c751e8b465ee728b)  -> (artifact id: 'e14b682f8ee82d2157b741a6cd9efb4d') in 0.014110 seconds 
========================================================================
Received Import Request.
  Time since last request: 0.000020 seconds.
  path: Assets/Plugins/Kenney/PNG/barBlue_horizontalBlue.png
  artifactKey: Guid(45858ae4d50a83048ab7392b5c32a69f) Importer(815301076,1909f56bfc062723c751e8b465ee728b)
Start importing Assets/Plugins/Kenney/PNG/barBlue_horizontalBlue.png using Guid(45858ae4d50a83048ab7392b5c32a69f) Importer(815301076,1909f56bfc062723c751e8b465ee728b)  -> (artifact id: 'b7284e149d0d4d9332bde88260a7712f') in 0.022060 seconds 
========================================================================
Received Import Request.
  Time since last request: 0.000031 seconds.
  path: Assets/Plugins/Kenney/PNG/buttonSquare_blue_pressed.png
  artifactKey: Guid(272f21136626c9640a37c521f0e101e6) Importer(815301076,1909f56bfc062723c751e8b465ee728b)
Start importing Assets/Plugins/Kenney/PNG/buttonSquare_blue_pressed.png using Guid(272f21136626c9640a37c521f0e101e6) Importer(815301076,1909f56bfc062723c751e8b465ee728b)  -> (artifact id: '6b7e13597bf2d8d0800d849ae8110305') in 0.022767 seconds 
========================================================================
Received Import Request.
  Time since last request: 0.000024 seconds.
  path: Assets/Plugins/Kenney/PNG/buttonLong_blue_pressed.png
  artifactKey: Guid(1ad534557b1df7a44be9e92c662b12c6) Importer(815301076,1909f56bfc062723c751e8b465ee728b)
Start importing Assets/Plugins/Kenney/PNG/buttonLong_blue_pressed.png using Guid(1ad534557b1df7a44be9e92c662b12c6) Importer(815301076,1909f56bfc062723c751e8b465ee728b)  -> (artifact id: 'cd638e87c0cec004a1e56513d21b9457') in 0.021824 seconds 
========================================================================
Received Import Request.
  Time since last request: 0.000024 seconds.
  path: Assets/Plugins/Kenney/PNG/barBlue_verticalTop.png
  artifactKey: Guid(1413169d15c9bab43adc07d056af014c) Importer(815301076,1909f56bfc062723c751e8b465ee728b)
Start importing Assets/Plugins/Kenney/PNG/barBlue_verticalTop.png using Guid(1413169d15c9bab43adc07d056af014c) Importer(815301076,1909f56bfc062723c751e8b465ee728b)  -> (artifact id: 'e1d55b8c8fa7261d586be6736280081b') in 0.020348 seconds 
========================================================================
Received Import Request.
  Time since last request: 0.000019 seconds.
  path: Assets/Plugins/Kenney/PNG/buttonLong_blue.png
  artifactKey: Guid(eff823e96a59f7845bd6127045aba23d) Importer(815301076,1909f56bfc062723c751e8b465ee728b)
Start importing Assets/Plugins/Kenney/PNG/buttonLong_blue.png using Guid(eff823e96a59f7845bd6127045aba23d) Importer(815301076,1909f56bfc062723c751e8b465ee728b)  -> (artifact id: '3f67c0909d56839262a19c5d456e8584') in 0.019795 seconds 
========================================================================
Received Import Request.
  Time since last request: 0.000018 seconds.
  path: Assets/Plugins/Kenney/PNG/barBlue_verticalBottom.png
  artifactKey: Guid(afc5857287895c04e8a5a5c352110942) Importer(815301076,1909f56bfc062723c751e8b465ee728b)
Start importing Assets/Plugins/Kenney/PNG/barBlue_verticalBottom.png using Guid(afc5857287895c04e8a5a5c352110942) Importer(815301076,1909f56bfc062723c751e8b465ee728b)  -> (artifact id: 'd53cd144ea2fc56bc8168b6ec61b952b') in 0.019758 seconds 
========================================================================
Received Import Request.
  Time since last request: 0.000021 seconds.
  path: Assets/Sprites/Hero Knight - Pixel Art/Sprites/HeroKnight_BlockNoEffect.png
  artifactKey: Guid(d94b5c1ffa7794547b59105c8f561da3) Importer(815301076,1909f56bfc062723c751e8b465ee728b)
Start importing Assets/Sprites/Hero Knight - Pixel Art/Sprites/HeroKnight_BlockNoEffect.png using Guid(d94b5c1ffa7794547b59105c8f561da3) Importer(815301076,1909f56bfc062723c751e8b465ee728b)  -> (artifact id: '0c2e40788a18f7ceb47d04b6ca3f834b') in 0.042970 seconds 
Editor requested this worker to shutdown with reason: Scaling down because of idle timeout
AssetImportWorker is now disconnected from the server
Process exiting
Exiting without the bug reporter. Application will terminate with return code 0