Using pre-set license
Built from '2021.3/staging' branch; Version is '2021.3.0f1 (6eacc8284459) revision 7253192'; Using compiler version '192829333'; Build Type 'Release'
OS: 'Windows 10  (10.0.19043) 64bit Core' Language: 'en' Physical Memory: 16222 MB
BatchMode: 1, IsHumanControllingUs: 0, StartBugReporterOnCrash: 0, Is64bit: 1, IsPro: 1

COMMAND LINE ARGUMENTS:
C:\Program Files\Unity\Hub\Editor\2021.3.0f1\Editor\Unity.exe
-adb2
-batchMode
-noUpm
-name
AssetImportWorker2
-projectPath
C:/Users/rasen/OneDrive/Desktop/Unity Projects/Developing-A-Game
-logFile
Logs/AssetImportWorker2.log
-srvPort
57904
Successfully changed project path to: C:/Users/rasen/OneDrive/Desktop/Unity Projects/Developing-A-Game
C:/Users/rasen/OneDrive/Desktop/Unity Projects/Developing-A-Game
[UnityMemory] Configuration Parameters - Can be set up in boot.config
    "memorysetup-bucket-allocator-granularity=16"
    "memorysetup-bucket-allocator-bucket-count=8"
    "memorysetup-bucket-allocator-block-size=33554432"
    "memorysetup-bucket-allocator-block-count=8"
    "memorysetup-main-allocator-block-size=16777216"
    "memorysetup-thread-allocator-block-size=16777216"
    "memorysetup-gfx-main-allocator-block-size=16777216"
    "memorysetup-gfx-thread-allocator-block-size=16777216"
    "memorysetup-cache-allocator-block-size=4194304"
    "memorysetup-typetree-allocator-block-size=2097152"
    "memorysetup-profiler-bucket-allocator-granularity=16"
    "memorysetup-profiler-bucket-allocator-bucket-count=8"
    "memorysetup-profiler-bucket-allocator-block-size=33554432"
    "memorysetup-profiler-bucket-allocator-block-count=8"
    "memorysetup-profiler-allocator-block-size=16777216"
    "memorysetup-profiler-editor-allocator-block-size=1048576"
    "memorysetup-temp-allocator-size-main=16777216"
    "memorysetup-job-temp-allocator-block-size=2097152"
    "memorysetup-job-temp-allocator-block-size-background=1048576"
    "memorysetup-job-temp-allocator-reduction-small-platforms=262144"
    "memorysetup-temp-allocator-size-background-worker=32768"
    "memorysetup-temp-allocator-size-job-worker=262144"
    "memorysetup-temp-allocator-size-preload-manager=33554432"
    "memorysetup-temp-allocator-size-nav-mesh-worker=65536"
    "memorysetup-temp-allocator-size-audio-worker=65536"
    "memorysetup-temp-allocator-size-cloud-worker=32768"
    "memorysetup-temp-allocator-size-gi-baking-worker=262144"
    "memorysetup-temp-allocator-size-gfx=262144"
Refreshing native plugins compatible for Editor in 128.72 ms, found 8 plugins.
Preloading 0 native plugins for Editor in 0.00 ms.
Initialize engine version: 2021.3.0f1 (6eacc8284459)
[Subsystems] Discovering subsystems at path C:/Program Files/Unity/Hub/Editor/2021.3.0f1/Editor/Data/Resources/UnitySubsystems
[Subsystems] Discovering subsystems at path C:/Users/rasen/OneDrive/Desktop/Unity Projects/Developing-A-Game/Assets
GfxDevice: creating device client; threaded=0; jobified=0
Direct3D:
    Version:  Direct3D 11.0 [level 11.1]
    Renderer: NVIDIA GeForce RTX 2070 Super with Max-Q Design (ID=0x1e91)
    Vendor:   NVIDIA
    VRAM:     8012 MB
    Driver:   30.0.15.1295
Initialize mono
Mono path[0] = 'C:/Program Files/Unity/Hub/Editor/2021.3.0f1/Editor/Data/Managed'
Mono path[1] = 'C:/Program Files/Unity/Hub/Editor/2021.3.0f1/Editor/Data/MonoBleedingEdge/lib/mono/unityjit-win32'
Mono config path = 'C:/Program Files/Unity/Hub/Editor/2021.3.0f1/Editor/Data/MonoBleedingEdge/etc'
Using monoOptions --debugger-agent=transport=dt_socket,embedding=1,server=y,suspend=n,address=127.0.0.1:56968
Begin MonoManager ReloadAssembly
Registering precompiled unity dll's ...
Register platform support module: C:/Program Files/Unity/Hub/Editor/2021.3.0f1/Editor/Data/PlaybackEngines/WebGLSupport/UnityEditor.WebGL.Extensions.dll
Register platform support module: C:/Program Files/Unity/Hub/Editor/2021.3.0f1/Editor/Data/PlaybackEngines/AndroidPlayer/UnityEditor.Android.Extensions.dll
Register platform support module: C:/Program Files/Unity/Hub/Editor/2021.3.0f1/Editor/Data/PlaybackEngines/iOSSupport/UnityEditor.iOS.Extensions.dll
Register platform support module: C:/Program Files/Unity/Hub/Editor/2021.3.0f1/Editor/Data/PlaybackEngines/WindowsStandaloneSupport/UnityEditor.WindowsStandalone.Extensions.dll
Registered in 0.010564 seconds.
Native extension for WindowsStandalone target not found
[usbmuxd] Start listen thread
[usbmuxd] Listen thread started
Native extension for iOS target not found
Native extension for Android target not found
MissingMethodException: Method not found: void UnityEditor.PlayerSettings.RegisterPlatformIconProvider(UnityEditor.BuildTargetGroup,UnityEditor.IPlatformIconProvider)
  at UnityEditor.Modules.ModuleManager.InitializePlatformSupportModules () [0x0009d] in <780782bc035845f9909cebbd4c983ae3>:0 

Refreshing native plugins compatible for Editor in 125.44 ms, found 8 plugins.
Preloading 0 native plugins for Editor in 0.00 ms.
Mono: successfully reloaded assembly
- Completed reload, in  0.830 seconds
Domain Reload Profiling:
	ReloadAssembly (831ms)
		BeginReloadAssembly (81ms)
			ExecutionOrderSort (0ms)
			DisableScriptedObjects (0ms)
			BackupInstance (0ms)
			ReleaseScriptingObjects (0ms)
			CreateAndSetChildDomain (1ms)
		EndReloadAssembly (628ms)
			LoadAssemblies (79ms)
			RebuildTransferFunctionScriptingTraits (0ms)
			SetupTypeCache (120ms)
			ReleaseScriptCaches (0ms)
			RebuildScriptCaches (33ms)
			SetupLoadedEditorAssemblies (412ms)
				LogAssemblyErrors (0ms)
				InitializePlatformSupportModulesInManaged (35ms)
				SetLoadedEditorAssemblies (0ms)
				RefreshPlugins (126ms)
				BeforeProcessingInitializeOnLoad (1ms)
				ProcessInitializeOnLoadAttributes (183ms)
				ProcessInitializeOnLoadMethodAttributes (67ms)
				AfterProcessingInitializeOnLoad (0ms)
				EditorAssembliesLoaded (0ms)
			ExecutionOrderSort2 (0ms)
			AwakeInstancesAfterBackupRestoration (0ms)
Native extension for WindowsStandalone target not found
Native extension for iOS target not found
Native extension for Android target not found
MissingMethodException: Method not found: void UnityEditor.PlayerSettings.RegisterPlatformIconProvider(UnityEditor.BuildTargetGroup,UnityEditor.IPlatformIconProvider)
  at UnityEditor.Modules.ModuleManager.InitializePlatformSupportModules () [0x0009d] in <780782bc035845f9909cebbd4c983ae3>:0 

Registering precompiled user dll's ...
Registered in 0.015976 seconds.
Begin MonoManager ReloadAssembly
Native extension for WindowsStandalone target not found
Native extension for iOS target not found
Native extension for Android target not found
MissingMethodException: Method not found: void UnityEditor.PlayerSettings.RegisterPlatformIconProvider(UnityEditor.BuildTargetGroup,UnityEditor.IPlatformIconProvider)
  at UnityEditor.Modules.ModuleManager.InitializePlatformSupportModules () [0x0009d] in <780782bc035845f9909cebbd4c983ae3>:0 

Refreshing native plugins compatible for Editor in 135.17 ms, found 8 plugins.
Preloading 0 native plugins for Editor in 0.00 ms.
GameView is null!
UnityEngine.StackTraceUtility:ExtractStackTrace ()
UnityEngine.DebugLogHandler:LogFormat (UnityEngine.LogType,UnityEngine.Object,string,object[])
UnityEngine.Logger:Log (UnityEngine.LogType,object)
UnityEngine.Debug:LogError (object)
GameManager/FixResolutionScale:SetGameViewScale () (at Assets/Scripts/GameManager.cs:49)
GameManager/FixResolutionScale:.cctor () (at Assets/Scripts/GameManager.cs:34)
System.Runtime.CompilerServices.RuntimeHelpers:RunClassConstructor (System.RuntimeTypeHandle)
UnityEditor.EditorAssemblies:ProcessInitializeOnLoadAttributes (System.Type[])

(Filename: Assets/Scripts/GameManager.cs Line: 49)

Package Manager log level set to [2]
Mono: successfully reloaded assembly
- Completed reload, in  1.746 seconds
Domain Reload Profiling:
	ReloadAssembly (1747ms)
		BeginReloadAssembly (117ms)
			ExecutionOrderSort (0ms)
			DisableScriptedObjects (6ms)
			BackupInstance (0ms)
			ReleaseScriptingObjects (0ms)
			CreateAndSetChildDomain (22ms)
		EndReloadAssembly (1527ms)
			LoadAssemblies (102ms)
			RebuildTransferFunctionScriptingTraits (0ms)
			SetupTypeCache (292ms)
			ReleaseScriptCaches (1ms)
			RebuildScriptCaches (111ms)
			SetupLoadedEditorAssemblies (951ms)
				LogAssemblyErrors (0ms)
				InitializePlatformSupportModulesInManaged (42ms)
				SetLoadedEditorAssemblies (1ms)
				RefreshPlugins (135ms)
				BeforeProcessingInitializeOnLoad (160ms)
				ProcessInitializeOnLoadAttributes (413ms)
				ProcessInitializeOnLoadMethodAttributes (191ms)
				AfterProcessingInitializeOnLoad (8ms)
				EditorAssembliesLoaded (0ms)
			ExecutionOrderSort2 (0ms)
			AwakeInstancesAfterBackupRestoration (4ms)
Native extension for WindowsStandalone target not found
Native extension for iOS target not found
Native extension for Android target not found
MissingMethodException: Method not found: void UnityEditor.PlayerSettings.RegisterPlatformIconProvider(UnityEditor.BuildTargetGroup,UnityEditor.IPlatformIconProvider)
  at UnityEditor.Modules.ModuleManager.InitializePlatformSupportModules () [0x0009d] in <780782bc035845f9909cebbd4c983ae3>:0 

========================================================================
Worker process is ready to serve import requests
Launched and connected shader compiler UnityShaderCompiler.exe after 0.06 seconds
Refreshing native plugins compatible for Editor in 1.70 ms, found 8 plugins.
Preloading 0 native plugins for Editor in 0.00 ms.
Unloading 5577 Unused Serialized files (Serialized files now loaded: 0)
Unloading 100 unused Assets / (2.0 MB). Loaded Objects now: 6054.
Memory consumption went from 242.8 MB to 240.8 MB.
Total: 9.462400 ms (FindLiveObjects: 0.462300 ms CreateObjectMapping: 0.458500 ms MarkObjects: 8.076800 ms  DeleteObjects: 0.463800 ms)

AssetImportParameters requested are different than current active one (requested -> active):
  custom:video-decoder-ogg-theora: a1e56fd34408186e4bbccfd4996cb3dc -> 
  custom:container-muxer-webm: aa71ff27fc2769a1b78a27578f13a17b -> 
  custom:container-demuxer-webm: 4f35f7cbe854078d1ac9338744f61a02 -> 
  custom:video-encoder-webm-vp8: eb34c28f22e8b96e1ab97ce403110664 -> 
  custom:video-codec-MediaFoundation-h265: 746d11721c4dcdbdad8f713fa42b33f4 -> 
  custom:audio-encoder-webm-vorbis: bf7c407c2cedff20999df2af8eb42d56 -> 
  custom:framework-win-MediaFoundation: 216162199b28c13a410421893ffa2e32 -> 
  custom:container-demuxer-ogg: 62fdf1f143b41e24485cea50d1cbac27 -> 
  custom:video-decoder-webm-vp8: 9c59270c3fd7afecdb556c50c9e8de78 -> 
  custom:audio-decoder-ogg-vorbis: bf7c407c2cedff20999df2af8eb42d56 -> 
========================================================================
Received Import Request.
  Time since last request: 170767.988939 seconds.
  path: Assets/Materials/Materials_Kenney/Heart.mat
  artifactKey: Guid(7f58298611d759944bc4e670df3a793e) Importer(815301076,1909f56bfc062723c751e8b465ee728b)
Start importing Assets/Materials/Materials_Kenney/Heart.mat using Guid(7f58298611d759944bc4e670df3a793e) Importer(815301076,1909f56bfc062723c751e8b465ee728b)  -> (artifact id: '195a4498667c411669938dd31541244c') in 0.259936 seconds 
========================================================================
Received Import Request.
  Time since last request: 0.000027 seconds.
  path: Assets/Materials/Materials_Kenney/Fire.mat
  artifactKey: Guid(6e1b71a503b19c74bbae464835c60ef7) Importer(815301076,1909f56bfc062723c751e8b465ee728b)
Start importing Assets/Materials/Materials_Kenney/Fire.mat using Guid(6e1b71a503b19c74bbae464835c60ef7) Importer(815301076,1909f56bfc062723c751e8b465ee728b)  -> (artifact id: 'cc5b3fbf011d58ade1052d33266c70d9') in 0.026413 seconds 
========================================================================
Received Import Request.
  Time since last request: 0.000031 seconds.
  path: Assets/Materials/Materials_Kenney/Trace.mat
  artifactKey: Guid(63bc100ae7a1b9945acf69344209fe46) Importer(815301076,1909f56bfc062723c751e8b465ee728b)
Start importing Assets/Materials/Materials_Kenney/Trace.mat using Guid(63bc100ae7a1b9945acf69344209fe46) Importer(815301076,1909f56bfc062723c751e8b465ee728b)  -> (artifact id: 'b75046c49e778cb1a64e5c2142def3c6') in 0.015547 seconds 
========================================================================
Received Import Request.
  Time since last request: 0.000026 seconds.
  path: Assets/Materials/Materials_Kenney/Spark.mat
  artifactKey: Guid(81d2ce38f1cebc34eab36f2242973f6f) Importer(815301076,1909f56bfc062723c751e8b465ee728b)
Start importing Assets/Materials/Materials_Kenney/Spark.mat using Guid(81d2ce38f1cebc34eab36f2242973f6f) Importer(815301076,1909f56bfc062723c751e8b465ee728b)  -> (artifact id: 'ed24b09fdff38ae5a2ff2b85cf7a9a91') in 0.015778 seconds 
========================================================================
Received Import Request.
  Time since last request: 0.000024 seconds.
  path: Assets/Sprites/Sprites_Kenney/Rotated/trace_02_rotated.png
  artifactKey: Guid(b1274fe6f8c887e4bb5af8affbc240e0) Importer(815301076,1909f56bfc062723c751e8b465ee728b)
Start importing Assets/Sprites/Sprites_Kenney/Rotated/trace_02_rotated.png using Guid(b1274fe6f8c887e4bb5af8affbc240e0) Importer(815301076,1909f56bfc062723c751e8b465ee728b)  -> (artifact id: 'a6abe9bc4bdbb3ab4bc09b75af9a2155') in 0.044768 seconds 
========================================================================
Received Prepare
Registering precompiled user dll's ...
Registered in 0.011959 seconds.
Begin MonoManager ReloadAssembly
Native extension for WindowsStandalone target not found
Native extension for iOS target not found
Native extension for Android target not found
MissingMethodException: Method not found: void UnityEditor.PlayerSettings.RegisterPlatformIconProvider(UnityEditor.BuildTargetGroup,UnityEditor.IPlatformIconProvider)
  at UnityEditor.Modules.ModuleManager.InitializePlatformSupportModules () [0x0009d] in <780782bc035845f9909cebbd4c983ae3>:0 

Refreshing native plugins compatible for Editor in 2.09 ms, found 8 plugins.
Preloading 0 native plugins for Editor in 0.00 ms.
GameView is null!
UnityEngine.StackTraceUtility:ExtractStackTrace ()
UnityEngine.DebugLogHandler:LogFormat (UnityEngine.LogType,UnityEngine.Object,string,object[])
UnityEngine.Logger:Log (UnityEngine.LogType,object)
UnityEngine.Debug:LogError (object)
GameManager/FixResolutionScale:SetGameViewScale () (at Assets/Scripts/GameManager.cs:49)
GameManager/FixResolutionScale:.cctor () (at Assets/Scripts/GameManager.cs:34)
System.Runtime.CompilerServices.RuntimeHelpers:RunClassConstructor (System.RuntimeTypeHandle)
UnityEditor.EditorAssemblies:ProcessInitializeOnLoadAttributes (System.Type[])

(Filename: Assets/Scripts/GameManager.cs Line: 49)

Mono: successfully reloaded assembly
- Completed reload, in  1.671 seconds
Domain Reload Profiling:
	ReloadAssembly (1672ms)
		BeginReloadAssembly (145ms)
			ExecutionOrderSort (0ms)
			DisableScriptedObjects (9ms)
			BackupInstance (0ms)
			ReleaseScriptingObjects (0ms)
			CreateAndSetChildDomain (46ms)
		EndReloadAssembly (1422ms)
			LoadAssemblies (97ms)
			RebuildTransferFunctionScriptingTraits (0ms)
			SetupTypeCache (292ms)
			ReleaseScriptCaches (2ms)
			RebuildScriptCaches (73ms)
			SetupLoadedEditorAssemblies (857ms)
				LogAssemblyErrors (0ms)
				InitializePlatformSupportModulesInManaged (38ms)
				SetLoadedEditorAssemblies (1ms)
				RefreshPlugins (2ms)
				BeforeProcessingInitializeOnLoad (141ms)
				ProcessInitializeOnLoadAttributes (473ms)
				ProcessInitializeOnLoadMethodAttributes (192ms)
				AfterProcessingInitializeOnLoad (10ms)
				EditorAssembliesLoaded (0ms)
			ExecutionOrderSort2 (0ms)
			AwakeInstancesAfterBackupRestoration (12ms)
Native extension for WindowsStandalone target not found
Native extension for iOS target not found
Native extension for Android target not found
MissingMethodException: Method not found: void UnityEditor.PlayerSettings.RegisterPlatformIconProvider(UnityEditor.BuildTargetGroup,UnityEditor.IPlatformIconProvider)
  at UnityEditor.Modules.ModuleManager.InitializePlatformSupportModules () [0x0009d] in <780782bc035845f9909cebbd4c983ae3>:0 

Refreshing native plugins compatible for Editor in 5.12 ms, found 8 plugins.
Preloading 0 native plugins for Editor in 0.00 ms.
Unloading 5400 Unused Serialized files (Serialized files now loaded: 0)
Unloading 74 unused Assets / (2.0 MB). Loaded Objects now: 6153.
Memory consumption went from 243.2 MB to 241.3 MB.
Total: 6.324700 ms (FindLiveObjects: 0.400700 ms CreateObjectMapping: 0.321000 ms MarkObjects: 5.168000 ms  DeleteObjects: 0.434000 ms)

AssetImportParameters requested are different than current active one (requested -> active):
  custom:video-decoder-ogg-theora: a1e56fd34408186e4bbccfd4996cb3dc -> 
  custom:container-muxer-webm: aa71ff27fc2769a1b78a27578f13a17b -> 
  custom:container-demuxer-webm: 4f35f7cbe854078d1ac9338744f61a02 -> 
  custom:video-encoder-webm-vp8: eb34c28f22e8b96e1ab97ce403110664 -> 
  custom:video-codec-MediaFoundation-h265: 746d11721c4dcdbdad8f713fa42b33f4 -> 
  custom:audio-encoder-webm-vorbis: bf7c407c2cedff20999df2af8eb42d56 -> 
  custom:framework-win-MediaFoundation: 216162199b28c13a410421893ffa2e32 -> 
  custom:container-demuxer-ogg: 62fdf1f143b41e24485cea50d1cbac27 -> 
  custom:video-decoder-webm-vp8: 9c59270c3fd7afecdb556c50c9e8de78 -> 
  custom:audio-decoder-ogg-vorbis: bf7c407c2cedff20999df2af8eb42d56 -> 
========================================================================
Received Prepare
Registering precompiled user dll's ...
Registered in 0.014353 seconds.
Begin MonoManager ReloadAssembly
Native extension for WindowsStandalone target not found
Native extension for iOS target not found
Native extension for Android target not found
MissingMethodException: Method not found: void UnityEditor.PlayerSettings.RegisterPlatformIconProvider(UnityEditor.BuildTargetGroup,UnityEditor.IPlatformIconProvider)
  at UnityEditor.Modules.ModuleManager.InitializePlatformSupportModules () [0x0009d] in <780782bc035845f9909cebbd4c983ae3>:0 

Refreshing native plugins compatible for Editor in 1.30 ms, found 8 plugins.
Preloading 0 native plugins for Editor in 0.00 ms.
GameView is null!
UnityEngine.StackTraceUtility:ExtractStackTrace ()
UnityEngine.DebugLogHandler:LogFormat (UnityEngine.LogType,UnityEngine.Object,string,object[])
UnityEngine.Logger:Log (UnityEngine.LogType,object)
UnityEngine.Debug:LogError (object)
GameManager/FixResolutionScale:SetGameViewScale () (at Assets/Scripts/GameManager.cs:49)
GameManager/FixResolutionScale:.cctor () (at Assets/Scripts/GameManager.cs:34)
System.Runtime.CompilerServices.RuntimeHelpers:RunClassConstructor (System.RuntimeTypeHandle)
UnityEditor.EditorAssemblies:ProcessInitializeOnLoadAttributes (System.Type[])

(Filename: Assets/Scripts/GameManager.cs Line: 49)

Mono: successfully reloaded assembly
- Completed reload, in  1.611 seconds
Domain Reload Profiling:
	ReloadAssembly (1612ms)
		BeginReloadAssembly (145ms)
			ExecutionOrderSort (0ms)
			DisableScriptedObjects (8ms)
			BackupInstance (0ms)
			ReleaseScriptingObjects (0ms)
			CreateAndSetChildDomain (42ms)
		EndReloadAssembly (1364ms)
			LoadAssemblies (100ms)
			RebuildTransferFunctionScriptingTraits (0ms)
			SetupTypeCache (378ms)
			ReleaseScriptCaches (3ms)
			RebuildScriptCaches (76ms)
			SetupLoadedEditorAssemblies (716ms)
				LogAssemblyErrors (0ms)
				InitializePlatformSupportModulesInManaged (41ms)
				SetLoadedEditorAssemblies (1ms)
				RefreshPlugins (1ms)
				BeforeProcessingInitializeOnLoad (119ms)
				ProcessInitializeOnLoadAttributes (375ms)
				ProcessInitializeOnLoadMethodAttributes (169ms)
				AfterProcessingInitializeOnLoad (10ms)
				EditorAssembliesLoaded (0ms)
			ExecutionOrderSort2 (0ms)
			AwakeInstancesAfterBackupRestoration (13ms)
Native extension for WindowsStandalone target not found
Native extension for iOS target not found
Native extension for Android target not found
MissingMethodException: Method not found: void UnityEditor.PlayerSettings.RegisterPlatformIconProvider(UnityEditor.BuildTargetGroup,UnityEditor.IPlatformIconProvider)
  at UnityEditor.Modules.ModuleManager.InitializePlatformSupportModules () [0x0009d] in <780782bc035845f9909cebbd4c983ae3>:0 

Refreshing native plugins compatible for Editor in 5.09 ms, found 8 plugins.
Preloading 0 native plugins for Editor in 0.00 ms.
Unloading 5401 Unused Serialized files (Serialized files now loaded: 0)
Unloading 74 unused Assets / (2.0 MB). Loaded Objects now: 6168.
Memory consumption went from 243.3 MB to 241.4 MB.
Total: 7.323300 ms (FindLiveObjects: 0.405800 ms CreateObjectMapping: 0.380900 ms MarkObjects: 6.080400 ms  DeleteObjects: 0.455100 ms)

AssetImportParameters requested are different than current active one (requested -> active):
  custom:video-decoder-ogg-theora: a1e56fd34408186e4bbccfd4996cb3dc -> 
  custom:container-muxer-webm: aa71ff27fc2769a1b78a27578f13a17b -> 
  custom:container-demuxer-webm: 4f35f7cbe854078d1ac9338744f61a02 -> 
  custom:video-encoder-webm-vp8: eb34c28f22e8b96e1ab97ce403110664 -> 
  custom:video-codec-MediaFoundation-h265: 746d11721c4dcdbdad8f713fa42b33f4 -> 
  custom:audio-encoder-webm-vorbis: bf7c407c2cedff20999df2af8eb42d56 -> 
  custom:framework-win-MediaFoundation: 216162199b28c13a410421893ffa2e32 -> 
  custom:container-demuxer-ogg: 62fdf1f143b41e24485cea50d1cbac27 -> 
  custom:video-decoder-webm-vp8: 9c59270c3fd7afecdb556c50c9e8de78 -> 
  custom:audio-decoder-ogg-vorbis: bf7c407c2cedff20999df2af8eb42d56 -> 
========================================================================
Received Prepare
Registering precompiled user dll's ...
Registered in 0.012353 seconds.
Begin MonoManager ReloadAssembly
Native extension for WindowsStandalone target not found
Native extension for iOS target not found
Native extension for Android target not found
MissingMethodException: Method not found: void UnityEditor.PlayerSettings.RegisterPlatformIconProvider(UnityEditor.BuildTargetGroup,UnityEditor.IPlatformIconProvider)
  at UnityEditor.Modules.ModuleManager.InitializePlatformSupportModules () [0x0009d] in <780782bc035845f9909cebbd4c983ae3>:0 

Refreshing native plugins compatible for Editor in 1.24 ms, found 8 plugins.
Preloading 0 native plugins for Editor in 0.00 ms.
GameView is null!
UnityEngine.StackTraceUtility:ExtractStackTrace ()
UnityEngine.DebugLogHandler:LogFormat (UnityEngine.LogType,UnityEngine.Object,string,object[])
UnityEngine.Logger:Log (UnityEngine.LogType,object)
UnityEngine.Debug:LogError (object)
GameManager/FixResolutionScale:SetGameViewScale () (at Assets/Scripts/GameManager.cs:49)
GameManager/FixResolutionScale:.cctor () (at Assets/Scripts/GameManager.cs:34)
System.Runtime.CompilerServices.RuntimeHelpers:RunClassConstructor (System.RuntimeTypeHandle)
UnityEditor.EditorAssemblies:ProcessInitializeOnLoadAttributes (System.Type[])

(Filename: Assets/Scripts/GameManager.cs Line: 49)

Mono: successfully reloaded assembly
- Completed reload, in  1.424 seconds
Domain Reload Profiling:
	ReloadAssembly (1425ms)
		BeginReloadAssembly (135ms)
			ExecutionOrderSort (0ms)
			DisableScriptedObjects (8ms)
			BackupInstance (0ms)
			ReleaseScriptingObjects (0ms)
			CreateAndSetChildDomain (40ms)
		EndReloadAssembly (1184ms)
			LoadAssemblies (88ms)
			RebuildTransferFunctionScriptingTraits (0ms)
			SetupTypeCache (251ms)
			ReleaseScriptCaches (2ms)
			RebuildScriptCaches (60ms)
			SetupLoadedEditorAssemblies (695ms)
				LogAssemblyErrors (0ms)
				InitializePlatformSupportModulesInManaged (35ms)
				SetLoadedEditorAssemblies (1ms)
				RefreshPlugins (1ms)
				BeforeProcessingInitializeOnLoad (119ms)
				ProcessInitializeOnLoadAttributes (346ms)
				ProcessInitializeOnLoadMethodAttributes (185ms)
				AfterProcessingInitializeOnLoad (8ms)
				EditorAssembliesLoaded (0ms)
			ExecutionOrderSort2 (0ms)
			AwakeInstancesAfterBackupRestoration (12ms)
Native extension for WindowsStandalone target not found
Native extension for iOS target not found
Native extension for Android target not found
MissingMethodException: Method not found: void UnityEditor.PlayerSettings.RegisterPlatformIconProvider(UnityEditor.BuildTargetGroup,UnityEditor.IPlatformIconProvider)
  at UnityEditor.Modules.ModuleManager.InitializePlatformSupportModules () [0x0009d] in <780782bc035845f9909cebbd4c983ae3>:0 

Refreshing native plugins compatible for Editor in 5.62 ms, found 8 plugins.
Preloading 0 native plugins for Editor in 0.00 ms.
Unloading 5401 Unused Serialized files (Serialized files now loaded: 0)
Unloading 74 unused Assets / (2.0 MB). Loaded Objects now: 6183.
Memory consumption went from 243.4 MB to 241.4 MB.
Total: 7.443900 ms (FindLiveObjects: 0.432900 ms CreateObjectMapping: 0.362900 ms MarkObjects: 6.147100 ms  DeleteObjects: 0.499700 ms)

AssetImportParameters requested are different than current active one (requested -> active):
  custom:video-decoder-ogg-theora: a1e56fd34408186e4bbccfd4996cb3dc -> 
  custom:container-muxer-webm: aa71ff27fc2769a1b78a27578f13a17b -> 
  custom:container-demuxer-webm: 4f35f7cbe854078d1ac9338744f61a02 -> 
  custom:video-encoder-webm-vp8: eb34c28f22e8b96e1ab97ce403110664 -> 
  custom:video-codec-MediaFoundation-h265: 746d11721c4dcdbdad8f713fa42b33f4 -> 
  custom:audio-encoder-webm-vorbis: bf7c407c2cedff20999df2af8eb42d56 -> 
  custom:framework-win-MediaFoundation: 216162199b28c13a410421893ffa2e32 -> 
  custom:container-demuxer-ogg: 62fdf1f143b41e24485cea50d1cbac27 -> 
  custom:video-decoder-webm-vp8: 9c59270c3fd7afecdb556c50c9e8de78 -> 
  custom:audio-decoder-ogg-vorbis: bf7c407c2cedff20999df2af8eb42d56 -> 
