
=== Tue Aug  4 16:06:23 2020

Packages were changed.
Update Mode: updateDependencies

The following packages were added:
  com.unity.2d.sprite@1.0.0
  com.unity.2d.tilemap@1.0.0
  com.unity.ide.rider@1.1.4
  com.unity.ide.vscode@1.2.1
  com.unity.modules.androidjni@1.0.0
  com.unity.test-framework@1.1.14
  com.unity.ugui@1.0.0
The following packages were updated:
  com.unity.2d.pixel-perfect from version 1.0.1-preview to 2.0.4
  com.unity.ads from version 2.0.8 to 3.4.7
  com.unity.postprocessing from version 2.1.6 to 2.2.2
  com.unity.timeline from version 1.0.0 to 1.2.6
The following packages were removed:
  com.unity.package-manager-ui@2.1.2

=== Fri Aug 14 00:32:09 2020

Packages were changed.
Update Mode: updateDependencies

The following packages were added:
  com.unity.ide.visualstudio@2.0.2
The following packages were updated:
  com.unity.2d.pixel-perfect from version 2.0.4 to 3.0.2
  com.unity.cinemachine from version 2.3.3 to 2.5.0
  com.unity.collab-proxy from version 1.2.16 to 1.3.8
  com.unity.ide.rider from version 1.1.4 to 1.2.1
  com.unity.postprocessing from version 2.2.2 to 2.3.0
  com.unity.render-pipelines.universal from version 7.3.1 to 8.2.0
  com.unity.textmeshpro from version 2.0.1 to 3.0.0-preview.1
